2025-06-16 16:18:33,684 - __main__ - INFO - Ensuring essential ERPNext Roles exist (based on provided JSON data)...
2025-06-16 16:18:33,721 - __main__ - INFO - Ensured 0 essential roles (created or found).
2025-06-16 16:18:33,721 - __main__ - INFO - Ensuring Holiday List: 'Holiday List 2025' exists...
2025-06-16 16:18:33,768 - __main__ - INFO - Fetching master data options (Gender, Department, Designation, Employment Type)...
2025-06-16 16:18:33,787 - __main__ - INFO - Fetched Genders: ['Male', 'Female', 'Other', 'Transgender', 'Genderqueer', 'Non-Conforming', 'Prefer not to say']
2025-06-16 16:18:33,806 - __main__ - INFO - Fetched Departments: ['All Departments', 'Accounts - PFM', 'Customer Service - PFM', 'Dispatch - PFM', 'External Users - PFM', 'Human Resources - PFM', 'Legal - PFM', 'Management - PFM', 'Marketing - PFM', 'Operations - PFM', 'Production - PFM', 'Purchase - PFM', 'Quality Management - PFM', 'Research & Development - PFM', 'Sales - PFM']
2025-06-16 16:18:33,823 - __main__ - INFO - Fetched Designations: ['Accountant', 'Administrative Assistant', 'Administrative Officer', 'Analyst', 'Associate', 'Business Analyst', 'Business Development Manager', 'Consultant', 'Chief Executive Officer', 'Chief Financial Officer', 'Chief Operating Officer', 'Chief Technology Officer', 'Customer Service Representative', 'Designer', 'Engineer', 'Executive Assistant', 'Finance Manager', 'HR Manager', 'Head of Marketing and Sales', 'Manager', 'Managing Director', 'Marketing Manager', 'Marketing Specialist', 'President', 'Product Manager', 'Project Manager', 'Researcher', 'Sales Representative', 'Secretary', 'Software Developer', 'Vice President', 'External User']
2025-06-16 16:18:33,841 - __main__ - INFO - Fetched Employment Types: ['Full-time', 'Part-time', 'Probation', 'Contract', 'Commission', 'Piecework', 'Intern', 'Apprentice']
2025-06-16 16:18:33,841 - __main__ - INFO - Finished fetching and ensuring master data options.
2025-06-16 16:18:33,842 - __main__ - INFO - Starting ERPNext dummy data generation (Focus: Employees & Attendance)...
2025-06-16 16:18:33,842 - __main__ - INFO - Target: 50 employees and their attendance records for 2025.
2025-06-16 16:18:33,842 - __main__ - INFO - === Performing Prerequisite Setup (HR Focused) ===
2025-06-16 16:18:33,842 - __main__ - INFO - Ensuring essential ERPNext Roles exist (based on provided JSON data)...
2025-06-16 16:18:33,860 - __main__ - INFO - Ensured 0 essential roles (created or found).
2025-06-16 16:18:33,860 - __main__ - INFO - Ensuring Holiday List: 'Holiday List 2025' exists...
2025-06-16 16:18:33,879 - __main__ - INFO - Fetching master data options (Gender, Department, Designation, Employment Type)...
2025-06-16 16:18:33,895 - __main__ - INFO - Fetched Genders: ['Male', 'Female', 'Other', 'Transgender', 'Genderqueer', 'Non-Conforming', 'Prefer not to say']
2025-06-16 16:18:33,913 - __main__ - INFO - Fetched Departments: ['All Departments', 'Accounts - PFM', 'Customer Service - PFM', 'Dispatch - PFM', 'External Users - PFM', 'Human Resources - PFM', 'Legal - PFM', 'Management - PFM', 'Marketing - PFM', 'Operations - PFM', 'Production - PFM', 'Purchase - PFM', 'Quality Management - PFM', 'Research & Development - PFM', 'Sales - PFM']
2025-06-16 16:18:33,928 - __main__ - INFO - Fetched Designations: ['Accountant', 'Administrative Assistant', 'Administrative Officer', 'Analyst', 'Associate', 'Business Analyst', 'Business Development Manager', 'Consultant', 'Chief Executive Officer', 'Chief Financial Officer', 'Chief Operating Officer', 'Chief Technology Officer', 'Customer Service Representative', 'Designer', 'Engineer', 'Executive Assistant', 'Finance Manager', 'HR Manager', 'Head of Marketing and Sales', 'Manager', 'Managing Director', 'Marketing Manager', 'Marketing Specialist', 'President', 'Product Manager', 'Project Manager', 'Researcher', 'Sales Representative', 'Secretary', 'Software Developer', 'Vice President', 'External User']
2025-06-16 16:18:33,951 - __main__ - INFO - Fetched Employment Types: ['Full-time', 'Part-time', 'Probation', 'Contract', 'Commission', 'Piecework', 'Intern', 'Apprentice']
2025-06-16 16:18:33,952 - __main__ - INFO - Finished fetching and ensuring master data options.
2025-06-16 16:18:33,952 - __main__ - INFO - === Creating Master Data (HR Focused) ===
2025-06-16 16:18:33,953 - __main__ - INFO - Creating 50 users...
2025-06-16 16:18:35,081 - __main__ - INFO - Found 66 existing users.
2025-06-16 16:18:35,081 - __main__ - INFO - Already have 66 users (>= target 50). Skipping new user creation.
2025-06-16 16:18:35,082 - __main__ - INFO - Creating 50 employees...
2025-06-16 16:18:35,097 - __main__ - INFO - Found 15 existing employees for 'PT Fiyansa Mulya'.
2025-06-16 16:18:35,097 - __main__ - INFO - Creating 35 new employees to reach target 50...
2025-06-16 16:18:46,478 - __main__ - ERROR - Fatal error during data generation: argument of type 'NoneType' is not iterable
2025-06-16 16:23:47,279 - __main__ - INFO - Ensuring essential ERPNext Roles exist (based on provided JSON data)...
2025-06-16 16:23:47,384 - __main__ - INFO - Ensured 0 essential roles (created or found).
2025-06-16 16:23:47,384 - __main__ - INFO - Ensuring Holiday List: 'Holiday List 2025' exists...
2025-06-16 16:23:47,452 - __main__ - INFO - Fetching master data options (Gender, Department, Designation, Employment Type)...
2025-06-16 16:23:47,471 - __main__ - INFO - Fetched Genders: ['Male', 'Female', 'Other', 'Transgender', 'Genderqueer', 'Non-Conforming', 'Prefer not to say']
2025-06-16 16:23:47,485 - __main__ - INFO - Fetched Departments: ['All Departments', 'Accounts - PFM', 'Customer Service - PFM', 'Dispatch - PFM', 'External Users - PFM', 'Human Resources - PFM', 'Legal - PFM', 'Management - PFM', 'Marketing - PFM', 'Operations - PFM', 'Production - PFM', 'Purchase - PFM', 'Quality Management - PFM', 'Research & Development - PFM', 'Sales - PFM']
2025-06-16 16:23:47,502 - __main__ - INFO - Fetched Designations: ['Accountant', 'Administrative Assistant', 'Administrative Officer', 'Analyst', 'Associate', 'Business Analyst', 'Business Development Manager', 'Consultant', 'Chief Executive Officer', 'Chief Financial Officer', 'Chief Operating Officer', 'Chief Technology Officer', 'Customer Service Representative', 'Designer', 'Engineer', 'Executive Assistant', 'Finance Manager', 'HR Manager', 'Head of Marketing and Sales', 'Manager', 'Managing Director', 'Marketing Manager', 'Marketing Specialist', 'President', 'Product Manager', 'Project Manager', 'Researcher', 'Sales Representative', 'Secretary', 'Software Developer', 'Vice President', 'External User']
2025-06-16 16:23:47,519 - __main__ - INFO - Fetched Employment Types: ['Full-time', 'Part-time', 'Probation', 'Contract', 'Commission', 'Piecework', 'Intern', 'Apprentice']
2025-06-16 16:23:47,519 - __main__ - INFO - Finished fetching and ensuring master data options.
2025-06-16 16:23:47,520 - __main__ - INFO - Starting ERPNext dummy data generation (Focus: Employees & Attendance)...
2025-06-16 16:23:47,520 - __main__ - INFO - Target: 50 employees and their attendance records for 2025.
2025-06-16 16:23:47,520 - __main__ - INFO - === Performing Prerequisite Setup (HR Focused) ===
2025-06-16 16:23:47,520 - __main__ - INFO - === Creating Master Data (HR Focused) ===
2025-06-16 16:23:47,520 - __main__ - INFO - Creating 50 users...
2025-06-16 16:23:48,626 - __main__ - INFO - Found 66 existing users.
2025-06-16 16:23:48,626 - __main__ - INFO - Already have 66 users (>= target 50). Skipping new user creation.
2025-06-16 16:23:48,627 - __main__ - INFO - Creating 50 employees...
2025-06-16 16:23:48,642 - __main__ - INFO - Found 27 existing employees for 'PT Fiyansa Mulya'.
2025-06-16 16:23:48,642 - __main__ - INFO - Creating 23 new employees to reach target 50...
2025-06-16 16:23:59,076 - __main__ - ERROR - Fatal error during data generation: argument of type 'NoneType' is not iterable
